d:\vs2019\compile\experiment3\exp3\experi3\experi3\x64\debug\moc_experi3.obj
d:\vs2019\compile\experiment3\exp3\experi3\experi3\x64\debug\qrc_experi3.obj
d:\vs2019\compile\experiment3\exp3\experi3\experi3\x64\debug\main.obj
d:\vs2019\compile\experiment3\exp3\experi3\experi3\x64\debug\project.obj
d:\vs2019\compile\experiment3\exp3\experi3\experi3\x64\debug\experi3.obj
d:\vs2019\compile\experiment3\exp3\experi3\experi3\x64\debug\vc143.pdb
d:\vs2019\compile\experiment3\exp3\experi3\experi3\x64\debug\uic\ui_experi3.h
d:\vs2019\compile\experiment3\exp3\experi3\experi3\x64\debug\rcc\qrc_experi3.cpp
d:\vs2019\compile\experiment3\exp3\experi3\experi3\x64\debug\moc\moc_experi3.cpp
d:\vs2019\compile\experiment3\exp3\experi3\x64\debug\experi3.ilk
d:\vs2019\compile\experiment3\exp3\experi3\x64\debug\experi3.exe
d:\vs2019\compile\experiment3\exp3\experi3\x64\debug\experi3.pdb
d:\vs2019\compile\experiment3\exp3\experi3\experi3\x64\debug\experi3.tlog\cl.17628.write.1.tlog
d:\vs2019\compile\experiment3\exp3\experi3\experi3\x64\debug\experi3.tlog\cl.command.1.tlog
d:\vs2019\compile\experiment3\exp3\experi3\experi3\x64\debug\experi3.tlog\cl.items.tlog
d:\vs2019\compile\experiment3\exp3\experi3\experi3\x64\debug\experi3.tlog\cl.read.1.tlog
d:\vs2019\compile\experiment3\exp3\experi3\experi3\x64\debug\experi3.tlog\experi3.write.1u.tlog
d:\vs2019\compile\experiment3\exp3\experi3\experi3\x64\debug\experi3.tlog\link.command.1.tlog
d:\vs2019\compile\experiment3\exp3\experi3\experi3\x64\debug\experi3.tlog\link.read.1.tlog
d:\vs2019\compile\experiment3\exp3\experi3\experi3\x64\debug\experi3.tlog\link.write.1.tlog
d:\vs2019\compile\experiment3\exp3\experi3\experi3\x64\debug\experi3.tlog\moc.read.1u.tlog
d:\vs2019\compile\experiment3\exp3\experi3\experi3\x64\debug\experi3.tlog\moc.write.1u.tlog
d:\vs2019\compile\experiment3\exp3\experi3\experi3\x64\debug\experi3.tlog\rcc.read.1u.tlog
d:\vs2019\compile\experiment3\exp3\experi3\experi3\x64\debug\experi3.tlog\rcc.write.1u.tlog
d:\vs2019\compile\experiment3\exp3\experi3\experi3\x64\debug\experi3.tlog\uic.read.1u.tlog
d:\vs2019\compile\experiment3\exp3\experi3\experi3\x64\debug\experi3.tlog\uic.write.1u.tlog
