d:\vs2019\compile\experiment2\exp2\experi2\experi2\x64\debug\vc143.pdb
d:\vs2019\compile\experiment2\exp2\experi2\experi2\x64\debug\experi2.obj
d:\vs2019\compile\experiment2\exp2\experi2\experi2\x64\debug\main.obj
d:\vs2019\compile\experiment2\exp2\experi2\experi2\x64\debug\qrc_experi2.obj
d:\vs2019\compile\experiment2\exp2\experi2\experi2\x64\debug\moc_experi2.obj
d:\vs2019\compile\experiment2\exp2\experi2\experi2\x64\debug\uic\ui_experi2.h
d:\vs2019\compile\experiment2\exp2\experi2\experi2\x64\debug\rcc\qrc_experi2.cpp
d:\vs2019\compile\experiment2\exp2\experi2\experi2\x64\debug\moc\moc_experi2.cpp
d:\vs2019\compile\experiment2\exp2\experi2\x64\debug\experi2.ilk
d:\vs2019\compile\experiment2\exp2\experi2\x64\debug\experi2.exe
d:\vs2019\compile\experiment2\exp2\experi2\x64\debug\experi2.pdb
d:\vs2019\compile\experiment2\exp2\experi2\experi2\x64\debug\experi2.tlog\cl.command.1.tlog
d:\vs2019\compile\experiment2\exp2\experi2\experi2\x64\debug\experi2.tlog\cl.read.1.tlog
d:\vs2019\compile\experiment2\exp2\experi2\experi2\x64\debug\experi2.tlog\cl.write.1.tlog
d:\vs2019\compile\experiment2\exp2\experi2\experi2\x64\debug\experi2.tlog\experi2.write.1u.tlog
d:\vs2019\compile\experiment2\exp2\experi2\experi2\x64\debug\experi2.tlog\link.command.1.tlog
d:\vs2019\compile\experiment2\exp2\experi2\experi2\x64\debug\experi2.tlog\link.read.1.tlog
d:\vs2019\compile\experiment2\exp2\experi2\experi2\x64\debug\experi2.tlog\link.write.1.tlog
d:\vs2019\compile\experiment2\exp2\experi2\experi2\x64\debug\experi2.tlog\moc.read.1u.tlog
d:\vs2019\compile\experiment2\exp2\experi2\experi2\x64\debug\experi2.tlog\moc.write.1u.tlog
d:\vs2019\compile\experiment2\exp2\experi2\experi2\x64\debug\experi2.tlog\rcc.read.1u.tlog
d:\vs2019\compile\experiment2\exp2\experi2\experi2\x64\debug\experi2.tlog\rcc.write.1u.tlog
d:\vs2019\compile\experiment2\exp2\experi2\experi2\x64\debug\experi2.tlog\uic.read.1u.tlog
d:\vs2019\compile\experiment2\exp2\experi2\experi2\x64\debug\experi2.tlog\uic.write.1u.tlog
