d:\vs2019\compile\experiment3\exp3\experi3\experi3\x64\release\qrc_experi3.obj
d:\vs2019\compile\experiment3\exp3\experi3\experi3\x64\release\experi3.obj
d:\vs2019\compile\experiment3\exp3\experi3\experi3\x64\release\main.obj
d:\vs2019\compile\experiment3\exp3\experi3\experi3\x64\release\project.obj
d:\vs2019\compile\experiment3\exp3\experi3\experi3\x64\release\moc_experi3.obj
d:\vs2019\compile\experiment3\exp3\experi3\experi3\x64\release\uic\ui_experi3.h
d:\vs2019\compile\experiment3\exp3\experi3\experi3\x64\release\rcc\qrc_experi3.cpp
d:\vs2019\compile\experiment3\exp3\experi3\experi3\x64\release\moc\moc_experi3.cpp
d:\vs2019\compile\experiment3\exp3\experi3\experi3\x64\release\experi3.tlog\cl.command.1.tlog
d:\vs2019\compile\experiment3\exp3\experi3\experi3\x64\release\experi3.tlog\cl.read.1.tlog
d:\vs2019\compile\experiment3\exp3\experi3\experi3\x64\release\experi3.tlog\cl.write.1.tlog
d:\vs2019\compile\experiment3\exp3\experi3\experi3\x64\release\experi3.tlog\experi3.write.1u.tlog
d:\vs2019\compile\experiment3\exp3\experi3\experi3\x64\release\experi3.tlog\link.command.1.tlog
d:\vs2019\compile\experiment3\exp3\experi3\experi3\x64\release\experi3.tlog\link.read.1.tlog
d:\vs2019\compile\experiment3\exp3\experi3\experi3\x64\release\experi3.tlog\link.write.1.tlog
d:\vs2019\compile\experiment3\exp3\experi3\experi3\x64\release\experi3.tlog\moc.read.1u.tlog
d:\vs2019\compile\experiment3\exp3\experi3\experi3\x64\release\experi3.tlog\moc.write.1u.tlog
d:\vs2019\compile\experiment3\exp3\experi3\experi3\x64\release\experi3.tlog\rcc.read.1u.tlog
d:\vs2019\compile\experiment3\exp3\experi3\experi3\x64\release\experi3.tlog\rcc.write.1u.tlog
d:\vs2019\compile\experiment3\exp3\experi3\experi3\x64\release\experi3.tlog\uic.read.1u.tlog
d:\vs2019\compile\experiment3\exp3\experi3\experi3\x64\release\experi3.tlog\uic.write.1u.tlog
